2020-11-19 13:09:01,337 - SYNCHER - INFO - Use Schema: 'custom_metrics'
2020-11-19 13:09:01,339 - SYNCHER - DEBUG - self.__controller_endpoint = http://desktop-ri72foi:8090
2020-11-19 13:09:01,339 - SYNCHER - DEBUG - self.__controller_account = customer1
2020-11-19 13:09:01,339 - SYNCHER - DEBUG - self.__controller_client_id = sync
2020-11-19 13:09:01,339 - SYNCHER - DEBUG - self.__controller_client_secret = 97b8f169-1fb6-4b99-aa70-7a61d8e264c6
2020-11-19 13:09:01,340 - SYNCHER - DEBUG - self.__event_service_endpoint = http://desktop-ri72foi:9080
2020-11-19 13:09:01,340 - SYNCHER - DEBUG - self.__event_service_account = customer1_c23d8344-35f1-4f88-9081-9903a2f72e41
2020-11-19 13:09:01,340 - SYNCHER - DEBUG - self.__event_service_token = 5eaf772b-b886-490b-b629-edcfea7bf4d5
2020-11-19 13:09:01,375 - SYNCHER - DEBUG - response from token_auth: OK
2020-11-19 13:09:01,375 - SYNCHER - INFO - Token expires in 60 seconds
2020-11-19 13:09:01,376 - SYNCHER - DEBUG - self.__controller_headers = {'Authorization': 'Bearer eyJr...RdP7HEare6j5uJNPAR4c7CthWHaI'}
2020-11-19 13:09:03,384 - SYNCHER - INFO - Read metrics from: 'metrics.txt'
2020-11-19 13:09:03,385 - SYNCHER - DEBUG - Config.sections() = ['CONTAINS:G1']
2020-11-19 13:09:03,410 - SYNCHER - DEBUG - GET http://desktop-ri72foi:8090/controller/rest/applications	data = {}	parameter = {'output': 'JSON'}		response:<Response [200]>
2020-11-19 13:09:03,412 - SYNCHER - DEBUG - metrics_to_process = []
2020-11-19 13:09:03,412 - SYNCHER - DEBUG - len(metrics_to_process) = 0
2020-11-19 13:09:23,961 - SYNCHER - INFO - Use Schema: 'custom_metrics'
2020-11-19 13:09:23,963 - SYNCHER - DEBUG - self.__controller_endpoint = http://desktop-ri72foi:8090
2020-11-19 13:09:23,963 - SYNCHER - DEBUG - self.__controller_account = customer1
2020-11-19 13:09:23,963 - SYNCHER - DEBUG - self.__controller_client_id = sync
2020-11-19 13:09:23,963 - SYNCHER - DEBUG - self.__controller_client_secret = 97b8f169-1fb6-4b99-aa70-7a61d8e264c6
2020-11-19 13:09:23,963 - SYNCHER - DEBUG - self.__event_service_endpoint = http://desktop-ri72foi:9080
2020-11-19 13:09:23,963 - SYNCHER - DEBUG - self.__event_service_account = customer1_c23d8344-35f1-4f88-9081-9903a2f72e41
2020-11-19 13:09:23,963 - SYNCHER - DEBUG - self.__event_service_token = 5eaf772b-b886-490b-b629-edcfea7bf4d5
2020-11-19 13:09:23,994 - SYNCHER - DEBUG - response from token_auth: OK
2020-11-19 13:09:23,994 - SYNCHER - INFO - Token expires in 60 seconds
2020-11-19 13:09:23,994 - SYNCHER - DEBUG - self.__controller_headers = {'Authorization': 'Bearer eyJr...0kvtVtc8io9Pcp1VVksGbKduWtSo'}
2020-11-19 13:09:26,006 - SYNCHER - INFO - Read metrics from: 'metrics.txt'
2020-11-19 13:09:26,007 - SYNCHER - DEBUG - Config.sections() = ['CONTAINS:G1']
2020-11-19 13:09:26,031 - SYNCHER - DEBUG - GET http://desktop-ri72foi:8090/controller/rest/applications	data = {}	parameter = {'output': 'JSON'}		response:<Response [200]>
2020-11-19 13:09:26,033 - SYNCHER - DEBUG - metrics_to_process = [('G1_sjdfksdj', 'c_free', '"Application Infrastructure Performance|Root|Individual Nodes|extern-hp-laptop|Hardware Resources|Volumes|C|Free (MB)"'), ('G1_sjdfksdj', 'c_total', '"Application Infrastructure Performance|Root|Individual Nodes|extern-hp-laptop|Hardware Resources|Volumes|C|Total (MB)"'), ('G1_dfjgdkfjgkd', 'c_free', '"Application Infrastructure Performance|Root|Individual Nodes|extern-hp-laptop|Hardware Resources|Volumes|C|Free (MB)"'), ('G1_dfjgdkfjgkd', 'c_total', '"Application Infrastructure Performance|Root|Individual Nodes|extern-hp-laptop|Hardware Resources|Volumes|C|Total (MB)"')]
2020-11-19 13:09:26,034 - SYNCHER - DEBUG - len(metrics_to_process) = 4
2020-11-19 13:09:26,523 - SYNCHER - DEBUG - GET http://desktop-ri72foi:8090/controller/rest/applications/G1_sjdfksdj/metric-data	data = {}	parameter = {'metric-path': 'Application Infrastructure Performance|Root|Individual Nodes|extern-hp-laptop|Hardware Resources|Volumes|C|Total (MB)', 'time-range-type': 'BETWEEN_TIMES', 'start-time': 1577788620000, 'end-time': 1577800800000, 'output': 'json', 'rollup': 'false'}		response:<Response [200]>
2020-11-19 13:09:26,526 - SYNCHER - ERROR - Didnt received JSON from server: <Response [200]>
2020-11-19 13:09:26,527 - SYNCHER - DEBUG - GET http://desktop-ri72foi:8090/controller/rest/applications/G1_dfjgdkfjgkd/metric-data	data = {}	parameter = {'metric-path': 'Application Infrastructure Performance|Root|Individual Nodes|extern-hp-laptop|Hardware Resources|Volumes|C|Total (MB)', 'time-range-type': 'BETWEEN_TIMES', 'start-time': 1577788620000, 'end-time': 1577800800000, 'output': 'json', 'rollup': 'false'}		response:<Response [200]>
2020-11-19 13:09:26,528 - SYNCHER - DEBUG - GET http://desktop-ri72foi:8090/controller/rest/applications/G1_dfjgdkfjgkd/metric-data	data = {}	parameter = {'metric-path': 'Application Infrastructure Performance|Root|Individual Nodes|extern-hp-laptop|Hardware Resources|Volumes|C|Free (MB)', 'time-range-type': 'BETWEEN_TIMES', 'start-time': 1577788620000, 'end-time': 1577800800000, 'output': 'json', 'rollup': 'false'}		response:<Response [200]>
2020-11-19 13:09:26,528 - SYNCHER - DEBUG - GET http://desktop-ri72foi:8090/controller/rest/applications/G1_sjdfksdj/metric-data	data = {}	parameter = {'metric-path': 'Application Infrastructure Performance|Root|Individual Nodes|extern-hp-laptop|Hardware Resources|Volumes|C|Free (MB)', 'time-range-type': 'BETWEEN_TIMES', 'start-time': 1577788620000, 'end-time': 1577800800000, 'output': 'json', 'rollup': 'false'}		response:<Response [200]>
2020-11-19 13:09:26,529 - SYNCHER - ERROR - Didnt received JSON from server: <Response [200]>
2020-11-19 13:09:26,529 - SYNCHER - ERROR - Didnt received JSON from server: <Response [200]>
2020-11-19 13:09:26,529 - SYNCHER - ERROR - Didnt received JSON from server: <Response [200]>
2020-11-19 13:18:07,483 - SYNCHER - INFO - Use Schema: 'custom_metrics'
2020-11-19 13:18:07,484 - SYNCHER - DEBUG - self.__controller_endpoint = http://desktop-ri72foi:8090
2020-11-19 13:18:07,484 - SYNCHER - DEBUG - self.__controller_account = customer1
2020-11-19 13:18:07,484 - SYNCHER - DEBUG - self.__controller_client_id = sync
2020-11-19 13:18:07,485 - SYNCHER - DEBUG - self.__controller_client_secret = 97b8f169-1fb6-4b99-aa70-7a61d8e264c6
2020-11-19 13:18:07,485 - SYNCHER - DEBUG - self.__event_service_endpoint = http://desktop-ri72foi:9080
2020-11-19 13:18:07,485 - SYNCHER - DEBUG - self.__event_service_account = customer1_c23d8344-35f1-4f88-9081-9903a2f72e41
2020-11-19 13:18:07,485 - SYNCHER - DEBUG - self.__event_service_token = 5eaf772b-b886-490b-b629-edcfea7bf4d5
2020-11-19 13:18:07,529 - SYNCHER - DEBUG - response from token_auth: OK
2020-11-19 13:18:07,529 - SYNCHER - INFO - Token expires in 60 seconds
2020-11-19 13:18:07,530 - SYNCHER - DEBUG - self.__controller_headers = {'Authorization': 'Bearer eyJr...GE7617yEGRe90-JKf0RyDL-jcDzY'}
2020-11-19 13:18:09,542 - SYNCHER - INFO - Read metrics from: 'metrics.txt'
2020-11-19 13:18:09,544 - SYNCHER - DEBUG - Config.sections() = ['Server%20&%20Infrastructure%20Monitoring']
2020-11-19 13:18:09,626 - SYNCHER - DEBUG - GET http://desktop-ri72foi:8090/controller/rest/applications	data = {}	parameter = {'output': 'JSON'}		response:<Response [200]>
2020-11-19 13:18:09,626 - SYNCHER - DEBUG - metrics_to_process = [('Server%20&%20Infrastructure%20Monitoring', 'c_free', '"Application Infrastructure Performance|Root|Individual Nodes|extern-hp-laptop|Hardware Resources|Volumes|C|Free (MB)"'), ('Server%20&%20Infrastructure%20Monitoring', 'c_total', '"Application Infrastructure Performance|Root|Individual Nodes|extern-hp-laptop|Hardware Resources|Volumes|C|Total (MB)"')]
2020-11-19 13:18:09,627 - SYNCHER - DEBUG - len(metrics_to_process) = 2
2020-11-19 13:18:09,762 - SYNCHER - DEBUG - GET http://desktop-ri72foi:8090/controller/rest/applications/Server%20&%20Infrastructure%20Monitoring/metric-data	data = {}	parameter = {'metric-path': 'Application Infrastructure Performance|Root|Individual Nodes|extern-hp-laptop|Hardware Resources|Volumes|C|Total (MB)', 'time-range-type': 'BETWEEN_TIMES', 'start-time': 1605788100000, 'end-time': 1605788160000, 'output': 'json', 'rollup': 'false'}		response:<Response [200]>
2020-11-19 13:18:09,762 - SYNCHER - DEBUG - push to event-service: {'metricname': 'c_total', 'application': 'Server%20&%20Infrastructure%20Monitoring', 'startTimeInMillis': 1605788100000, 'metricpath': 'Application Infrastructure Performance|Root|Individual Nodes|extern-hp-laptop|Hardware Resources|Volumes|C|Total (MB)', 'value': '466760', 'metricpath1': 'Application Infrastructure Performance', 'metricpath2': 'Root', 'metricpath3': 'Individual Nodes', 'metricpath4': 'extern-hp-laptop', 'metricpath5': 'Hardware Resources', 'metricpath6': 'Volumes', 'metricpath7': 'C', 'metricpath8': 'Total (MB)'}
2020-11-19 13:18:09,763 - SYNCHER - DEBUG - GET http://desktop-ri72foi:8090/controller/rest/applications/Server%20&%20Infrastructure%20Monitoring/metric-data	data = {}	parameter = {'metric-path': 'Application Infrastructure Performance|Root|Individual Nodes|extern-hp-laptop|Hardware Resources|Volumes|C|Free (MB)', 'time-range-type': 'BETWEEN_TIMES', 'start-time': 1605788100000, 'end-time': 1605788160000, 'output': 'json', 'rollup': 'false'}		response:<Response [200]>
2020-11-19 13:18:09,764 - SYNCHER - DEBUG - push to event-service: {'metricname': 'c_free', 'application': 'Server%20&%20Infrastructure%20Monitoring', 'startTimeInMillis': 1605788100000, 'metricpath': 'Application Infrastructure Performance|Root|Individual Nodes|extern-hp-laptop|Hardware Resources|Volumes|C|Free (MB)', 'value': '216738', 'metricpath1': 'Application Infrastructure Performance', 'metricpath2': 'Root', 'metricpath3': 'Individual Nodes', 'metricpath4': 'extern-hp-laptop', 'metricpath5': 'Hardware Resources', 'metricpath6': 'Volumes', 'metricpath7': 'C', 'metricpath8': 'Free (MB)'}
2020-11-19 13:18:11,782 - SYNCHER - DEBUG - event-service response:{'statusCode': 500, 'code': 'Unknown', 'message': 'Unknown server error.', 'developerMessage': None, 'logCorrelationId': '282a41cd-2be0-44ad-8e32-5e88b88f2712'}
2020-11-19 13:18:11,782 - SYNCHER - DEBUG - event-service response:{'statusCode': 500, 'code': 'Unknown', 'message': 'Unknown server error.', 'developerMessage': None, 'logCorrelationId': 'e24755bd-1c38-4646-bd23-0c4f114ad93e'}
2020-11-19 13:18:57,549 - SYNCHER - DEBUG - response from token_auth: OK
2020-11-19 13:18:57,550 - SYNCHER - INFO - Token expires in 60 seconds
2020-11-19 13:19:11,851 - SYNCHER - DEBUG - GET http://desktop-ri72foi:8090/controller/rest/applications/Server%20&%20Infrastructure%20Monitoring/metric-data	data = {}	parameter = {'metric-path': 'Application Infrastructure Performance|Root|Individual Nodes|extern-hp-laptop|Hardware Resources|Volumes|C|Total (MB)', 'time-range-type': 'BETWEEN_TIMES', 'start-time': 1605788160000, 'end-time': 1605788220000, 'output': 'json', 'rollup': 'false'}		response:<Response [200]>
2020-11-19 13:19:11,852 - SYNCHER - DEBUG - GET http://desktop-ri72foi:8090/controller/rest/applications/Server%20&%20Infrastructure%20Monitoring/metric-data	data = {}	parameter = {'metric-path': 'Application Infrastructure Performance|Root|Individual Nodes|extern-hp-laptop|Hardware Resources|Volumes|C|Free (MB)', 'time-range-type': 'BETWEEN_TIMES', 'start-time': 1605788160000, 'end-time': 1605788220000, 'output': 'json', 'rollup': 'false'}		response:<Response [200]>
2020-11-19 13:19:11,852 - SYNCHER - DEBUG - push to event-service: {'metricname': 'c_total', 'application': 'Server%20&%20Infrastructure%20Monitoring', 'startTimeInMillis': 1605788160000, 'metricpath': 'Application Infrastructure Performance|Root|Individual Nodes|extern-hp-laptop|Hardware Resources|Volumes|C|Total (MB)', 'value': '466760', 'metricpath1': 'Application Infrastructure Performance', 'metricpath2': 'Root', 'metricpath3': 'Individual Nodes', 'metricpath4': 'extern-hp-laptop', 'metricpath5': 'Hardware Resources', 'metricpath6': 'Volumes', 'metricpath7': 'C', 'metricpath8': 'Total (MB)'}
2020-11-19 13:19:11,853 - SYNCHER - DEBUG - push to event-service: {'metricname': 'c_free', 'application': 'Server%20&%20Infrastructure%20Monitoring', 'startTimeInMillis': 1605788160000, 'metricpath': 'Application Infrastructure Performance|Root|Individual Nodes|extern-hp-laptop|Hardware Resources|Volumes|C|Free (MB)', 'value': '216736', 'metricpath1': 'Application Infrastructure Performance', 'metricpath2': 'Root', 'metricpath3': 'Individual Nodes', 'metricpath4': 'extern-hp-laptop', 'metricpath5': 'Hardware Resources', 'metricpath6': 'Volumes', 'metricpath7': 'C', 'metricpath8': 'Free (MB)'}
2020-11-19 13:19:13,871 - SYNCHER - DEBUG - event-service response:{'statusCode': 500, 'code': 'Unknown', 'message': 'Unknown server error.', 'developerMessage': None, 'logCorrelationId': 'bfc28b83-5880-4787-9a0a-791342b38746'}
2020-11-19 13:19:13,875 - SYNCHER - DEBUG - event-service response:{'statusCode': 500, 'code': 'Unknown', 'message': 'Unknown server error.', 'developerMessage': None, 'logCorrelationId': '7af34300-61c9-4514-aa5a-5583e466f450'}
2020-11-19 13:19:17,095 - SYNCHER - INFO - Use Schema: 'custom_metrics'
2020-11-19 13:19:17,097 - SYNCHER - DEBUG - self.__controller_endpoint = http://desktop-ri72foi:8090
2020-11-19 13:19:17,097 - SYNCHER - DEBUG - self.__controller_account = customer1
2020-11-19 13:19:17,097 - SYNCHER - DEBUG - self.__controller_client_id = sync
2020-11-19 13:19:17,098 - SYNCHER - DEBUG - self.__controller_client_secret = 97b8f169-1fb6-4b99-aa70-7a61d8e264c6
2020-11-19 13:19:17,098 - SYNCHER - DEBUG - self.__event_service_endpoint = http://desktop-ri72foi:9080
2020-11-19 13:19:17,098 - SYNCHER - DEBUG - self.__event_service_account = customer1_c23d8344-35f1-4f88-9081-9903a2f72e41
2020-11-19 13:19:17,098 - SYNCHER - DEBUG - self.__event_service_token = 5eaf772b-b886-490b-b629-edcfea7bf4d5
2020-11-19 13:19:17,137 - SYNCHER - DEBUG - response from token_auth: OK
2020-11-19 13:19:17,137 - SYNCHER - INFO - Token expires in 60 seconds
2020-11-19 13:19:17,138 - SYNCHER - DEBUG - self.__controller_headers = {'Authorization': 'Bearer eyJr...dPchx_YAca7zsCNIEj6xcj1Wl-uk'}
2020-11-19 13:19:19,155 - SYNCHER - INFO - Read metrics from: 'metrics.txt'
2020-11-19 13:19:19,156 - SYNCHER - DEBUG - Config.sections() = ['Server%20&%20Infrastructure%20Monitoring']
2020-11-19 13:19:19,194 - SYNCHER - DEBUG - GET http://desktop-ri72foi:8090/controller/rest/applications	data = {}	parameter = {'output': 'JSON'}		response:<Response [200]>
2020-11-19 13:19:19,195 - SYNCHER - DEBUG - metrics_to_process = [('Server%20&%20Infrastructure%20Monitoring', 'c_free', '"Application Infrastructure Performance|Root|Individual Nodes|extern-hp-laptop|Hardware Resources|Volumes|C|Free (MB)"'), ('Server%20&%20Infrastructure%20Monitoring', 'c_total', '"Application Infrastructure Performance|Root|Individual Nodes|extern-hp-laptop|Hardware Resources|Volumes|C|Total (MB)"')]
2020-11-19 13:19:19,195 - SYNCHER - DEBUG - len(metrics_to_process) = 2
2020-11-19 13:19:19,259 - SYNCHER - DEBUG - GET http://desktop-ri72foi:8090/controller/rest/applications/Server%20&%20Infrastructure%20Monitoring/metric-data	data = {}	parameter = {'metric-path': 'Application Infrastructure Performance|Root|Individual Nodes|extern-hp-laptop|Hardware Resources|Volumes|C|Free (MB)', 'time-range-type': 'BETWEEN_TIMES', 'start-time': 1605788160000, 'end-time': 1605788220000, 'output': 'json', 'rollup': 'false'}		response:<Response [200]>
2020-11-19 13:19:19,260 - SYNCHER - DEBUG - GET http://desktop-ri72foi:8090/controller/rest/applications/Server%20&%20Infrastructure%20Monitoring/metric-data	data = {}	parameter = {'metric-path': 'Application Infrastructure Performance|Root|Individual Nodes|extern-hp-laptop|Hardware Resources|Volumes|C|Total (MB)', 'time-range-type': 'BETWEEN_TIMES', 'start-time': 1605788160000, 'end-time': 1605788220000, 'output': 'json', 'rollup': 'false'}		response:<Response [200]>
2020-11-19 13:19:19,260 - SYNCHER - DEBUG - push to event-service: {'metricname': 'c_free', 'application': 'Server%20&%20Infrastructure%20Monitoring', 'startTimeInMillis': 1605788160000, 'metricpath': 'Application Infrastructure Performance|Root|Individual Nodes|extern-hp-laptop|Hardware Resources|Volumes|C|Free (MB)', 'value': '216736', 'metricpath1': 'Application Infrastructure Performance', 'metricpath2': 'Root', 'metricpath3': 'Individual Nodes', 'metricpath4': 'extern-hp-laptop', 'metricpath5': 'Hardware Resources', 'metricpath6': 'Volumes', 'metricpath7': 'C', 'metricpath8': 'Free (MB)'}
2020-11-19 13:19:19,261 - SYNCHER - DEBUG - push to event-service: {'metricname': 'c_total', 'application': 'Server%20&%20Infrastructure%20Monitoring', 'startTimeInMillis': 1605788160000, 'metricpath': 'Application Infrastructure Performance|Root|Individual Nodes|extern-hp-laptop|Hardware Resources|Volumes|C|Total (MB)', 'value': '466760', 'metricpath1': 'Application Infrastructure Performance', 'metricpath2': 'Root', 'metricpath3': 'Individual Nodes', 'metricpath4': 'extern-hp-laptop', 'metricpath5': 'Hardware Resources', 'metricpath6': 'Volumes', 'metricpath7': 'C', 'metricpath8': 'Total (MB)'}
2020-11-19 13:19:21,280 - SYNCHER - DEBUG - event-service response:{'statusCode': 500, 'code': 'Unknown', 'message': 'Unknown server error.', 'developerMessage': None, 'logCorrelationId': 'a187fcb4-eee6-4f76-970b-34f422bbafdb'}
2020-11-19 13:19:21,280 - SYNCHER - DEBUG - event-service response:{'statusCode': 500, 'code': 'Unknown', 'message': 'Unknown server error.', 'developerMessage': None, 'logCorrelationId': '7cffe530-c91a-4beb-8f18-4f998d1e58ab'}
2020-11-19 13:20:07,155 - SYNCHER - DEBUG - response from token_auth: OK
2020-11-19 13:20:07,156 - SYNCHER - INFO - Token expires in 60 seconds
2020-11-19 13:20:15,327 - SYNCHER - INFO - Use Schema: 'custom_metrics'
2020-11-19 13:20:15,328 - SYNCHER - DEBUG - self.__controller_endpoint = http://desktop-ri72foi:8090
2020-11-19 13:20:15,328 - SYNCHER - DEBUG - self.__controller_account = customer1
2020-11-19 13:20:15,329 - SYNCHER - DEBUG - self.__controller_client_id = sync
2020-11-19 13:20:15,329 - SYNCHER - DEBUG - self.__controller_client_secret = 97b8f169-1fb6-4b99-aa70-7a61d8e264c6
2020-11-19 13:20:15,329 - SYNCHER - DEBUG - self.__event_service_endpoint = http://desktop-ri72foi:9080
2020-11-19 13:20:15,329 - SYNCHER - DEBUG - self.__event_service_account = customer1_c23d8344-35f1-4f88-9081-9903a2f72e41
2020-11-19 13:20:15,329 - SYNCHER - DEBUG - self.__event_service_token = 5eaf772b-b886-490b-b629-edcfea7bf4d5
2020-11-19 13:20:15,363 - SYNCHER - DEBUG - response from token_auth: OK
2020-11-19 13:20:15,364 - SYNCHER - INFO - Token expires in 60 seconds
2020-11-19 13:20:15,364 - SYNCHER - DEBUG - self.__controller_headers = {'Authorization': 'Bearer eyJr...XJq_HO3zrT5GE250v6Enmz9_Xjqc'}
2020-11-19 13:20:17,378 - SYNCHER - INFO - Read metrics from: 'metrics.txt'
2020-11-19 13:20:17,379 - SYNCHER - DEBUG - Config.sections() = ['Server%20&%20Infrastructure%20Monitoring']
2020-11-19 13:20:17,403 - SYNCHER - DEBUG - GET http://desktop-ri72foi:8090/controller/rest/applications	data = {}	parameter = {'output': 'JSON'}		response:<Response [200]>
2020-11-19 13:20:17,403 - SYNCHER - DEBUG - metrics_to_process = [('Server%20&%20Infrastructure%20Monitoring', 'c_free', '"Application Infrastructure Performance|Root|Individual Nodes|extern-hp-laptop|Hardware Resources|Volumes|C|Free (MB)"'), ('Server%20&%20Infrastructure%20Monitoring', 'c_total', '"Application Infrastructure Performance|Root|Individual Nodes|extern-hp-laptop|Hardware Resources|Volumes|C|Total (MB)"')]
2020-11-19 13:20:17,404 - SYNCHER - DEBUG - len(metrics_to_process) = 2
2020-11-19 13:20:17,448 - SYNCHER - DEBUG - GET http://desktop-ri72foi:8090/controller/rest/applications/Server%20&%20Infrastructure%20Monitoring/metric-data	data = {}	parameter = {'metric-path': 'Application Infrastructure Performance|Root|Individual Nodes|extern-hp-laptop|Hardware Resources|Volumes|C|Total (MB)', 'time-range-type': 'BETWEEN_TIMES', 'start-time': 1605788220000, 'end-time': 1605788280000, 'output': 'json', 'rollup': 'false'}		response:<Response [200]>
2020-11-19 13:20:17,449 - SYNCHER - DEBUG - push to event-service: {'metricname': 'c_total', 'application': 'Server%20&%20Infrastructure%20Monitoring', 'startTimeInMillis': 1605788220000, 'metricpath': 'Application Infrastructure Performance|Root|Individual Nodes|extern-hp-laptop|Hardware Resources|Volumes|C|Total (MB)', 'value': '466760', 'metricpath1': 'Application Infrastructure Performance', 'metricpath2': 'Root', 'metricpath3': 'Individual Nodes', 'metricpath4': 'extern-hp-laptop', 'metricpath5': 'Hardware Resources', 'metricpath6': 'Volumes', 'metricpath7': 'C', 'metricpath8': 'Total (MB)'}
2020-11-19 13:20:17,450 - SYNCHER - DEBUG - GET http://desktop-ri72foi:8090/controller/rest/applications/Server%20&%20Infrastructure%20Monitoring/metric-data	data = {}	parameter = {'metric-path': 'Application Infrastructure Performance|Root|Individual Nodes|extern-hp-laptop|Hardware Resources|Volumes|C|Free (MB)', 'time-range-type': 'BETWEEN_TIMES', 'start-time': 1605788220000, 'end-time': 1605788280000, 'output': 'json', 'rollup': 'false'}		response:<Response [200]>
2020-11-19 13:20:17,451 - SYNCHER - DEBUG - push to event-service: {'metricname': 'c_free', 'application': 'Server%20&%20Infrastructure%20Monitoring', 'startTimeInMillis': 1605788220000, 'metricpath': 'Application Infrastructure Performance|Root|Individual Nodes|extern-hp-laptop|Hardware Resources|Volumes|C|Free (MB)', 'value': '216735', 'metricpath1': 'Application Infrastructure Performance', 'metricpath2': 'Root', 'metricpath3': 'Individual Nodes', 'metricpath4': 'extern-hp-laptop', 'metricpath5': 'Hardware Resources', 'metricpath6': 'Volumes', 'metricpath7': 'C', 'metricpath8': 'Free (MB)'}
2020-11-19 13:20:19,466 - SYNCHER - DEBUG - event-service response:{'statusCode': 500, 'code': 'Unknown', 'message': 'Unknown server error.', 'developerMessage': None, 'logCorrelationId': '002cb5e9-3800-4008-999d-d44a64c91bb8'}
2020-11-19 13:20:19,470 - SYNCHER - DEBUG - event-service response:{'statusCode': 500, 'code': 'Unknown', 'message': 'Unknown server error.', 'developerMessage': None, 'logCorrelationId': '7e85691e-4243-4552-ab02-69a2ca663cc6'}
2020-11-19 13:20:47,099 - SYNCHER - INFO - Use Schema: 'custom_metrics'
2020-11-19 13:20:47,101 - SYNCHER - DEBUG - self.__controller_endpoint = http://desktop-ri72foi:8090
2020-11-19 13:20:47,101 - SYNCHER - DEBUG - self.__controller_account = customer1
2020-11-19 13:20:47,101 - SYNCHER - DEBUG - self.__controller_client_id = sync
2020-11-19 13:20:47,101 - SYNCHER - DEBUG - self.__controller_client_secret = 97b8f169-1fb6-4b99-aa70-7a61d8e264c6
2020-11-19 13:20:47,102 - SYNCHER - DEBUG - self.__event_service_endpoint = http://desktop-ri72foi:9080
2020-11-19 13:20:47,102 - SYNCHER - DEBUG - self.__event_service_account = customer1_c23d8344-35f1-4f88-9081-9903a2f72e41
2020-11-19 13:20:47,102 - SYNCHER - DEBUG - self.__event_service_token = 5eaf772b-b886-490b-b629-edcfea7bf4d5
2020-11-19 13:20:47,144 - SYNCHER - DEBUG - response from token_auth: OK
2020-11-19 13:20:47,145 - SYNCHER - INFO - Token expires in 60 seconds
2020-11-19 13:20:47,145 - SYNCHER - DEBUG - self.__controller_headers = {'Authorization': 'Bearer eyJr...HgFjG4ElzwmKu8wk89I1qn6L-8tI'}
2020-11-19 13:20:49,164 - SYNCHER - INFO - Read metrics from: 'metrics.txt'
2020-11-19 13:20:49,165 - SYNCHER - DEBUG - Config.sections() = ['Server%20&%20Infrastructure%20Monitoring']
2020-11-19 13:20:49,203 - SYNCHER - DEBUG - GET http://desktop-ri72foi:8090/controller/rest/applications	data = {}	parameter = {'output': 'JSON'}		response:<Response [200]>
2020-11-19 13:20:49,204 - SYNCHER - DEBUG - metrics_to_process = [('Server%20&%20Infrastructure%20Monitoring', 'c_free', '"Application Infrastructure Performance|Root|Individual Nodes|extern-hp-laptop|Hardware Resources|Volumes|C|Free (MB)"'), ('Server%20&%20Infrastructure%20Monitoring', 'c_total', '"Application Infrastructure Performance|Root|Individual Nodes|extern-hp-laptop|Hardware Resources|Volumes|C|Total (MB)"')]
2020-11-19 13:20:49,204 - SYNCHER - DEBUG - len(metrics_to_process) = 2
2020-11-19 13:20:49,256 - SYNCHER - DEBUG - GET http://desktop-ri72foi:8090/controller/rest/applications/Server%20&%20Infrastructure%20Monitoring/metric-data	data = {}	parameter = {'metric-path': 'Application Infrastructure Performance|Root|Individual Nodes|extern-hp-laptop|Hardware Resources|Volumes|C|Total (MB)', 'time-range-type': 'BETWEEN_TIMES', 'start-time': 1605788220000, 'end-time': 1605788280000, 'output': 'json', 'rollup': 'false'}		response:<Response [200]>
2020-11-19 13:20:49,256 - SYNCHER - DEBUG - GET http://desktop-ri72foi:8090/controller/rest/applications/Server%20&%20Infrastructure%20Monitoring/metric-data	data = {}	parameter = {'metric-path': 'Application Infrastructure Performance|Root|Individual Nodes|extern-hp-laptop|Hardware Resources|Volumes|C|Free (MB)', 'time-range-type': 'BETWEEN_TIMES', 'start-time': 1605788220000, 'end-time': 1605788280000, 'output': 'json', 'rollup': 'false'}		response:<Response [200]>
2020-11-19 13:20:49,257 - SYNCHER - DEBUG - push to event-service: {'metricname': 'c_total', 'application': 'Server%20&%20Infrastructure%20Monitoring', 'startTimeInMillis': 1605788220000, 'metricpath': 'Application Infrastructure Performance|Root|Individual Nodes|extern-hp-laptop|Hardware Resources|Volumes|C|Total (MB)', 'value': '466760', 'metricpath1': 'Application Infrastructure Performance', 'metricpath2': 'Root', 'metricpath3': 'Individual Nodes', 'metricpath4': 'extern-hp-laptop', 'metricpath5': 'Hardware Resources', 'metricpath6': 'Volumes', 'metricpath7': 'C', 'metricpath8': 'Total (MB)'}
2020-11-19 13:20:49,258 - SYNCHER - DEBUG - push to event-service: {'metricname': 'c_free', 'application': 'Server%20&%20Infrastructure%20Monitoring', 'startTimeInMillis': 1605788220000, 'metricpath': 'Application Infrastructure Performance|Root|Individual Nodes|extern-hp-laptop|Hardware Resources|Volumes|C|Free (MB)', 'value': '216735', 'metricpath1': 'Application Infrastructure Performance', 'metricpath2': 'Root', 'metricpath3': 'Individual Nodes', 'metricpath4': 'extern-hp-laptop', 'metricpath5': 'Hardware Resources', 'metricpath6': 'Volumes', 'metricpath7': 'C', 'metricpath8': 'Free (MB)'}
2020-11-19 13:20:51,279 - SYNCHER - DEBUG - event-service response:{'statusCode': 500, 'code': 'Unknown', 'message': 'Unknown server error.', 'developerMessage': None, 'logCorrelationId': '17fe8030-344d-4c14-bbd9-d36effb19a3f'}
2020-11-19 13:20:51,279 - SYNCHER - DEBUG - event-service response:{'statusCode': 500, 'code': 'Unknown', 'message': 'Unknown server error.', 'developerMessage': None, 'logCorrelationId': 'dffa0100-0c2c-4903-aae1-ffccec2762d3'}
2020-11-19 13:21:11,347 - SYNCHER - INFO - Use Schema: 'custom_metrics'
2020-11-19 13:21:11,349 - SYNCHER - DEBUG - self.__controller_endpoint = http://desktop-ri72foi:8090
2020-11-19 13:21:11,349 - SYNCHER - DEBUG - self.__controller_account = customer1
2020-11-19 13:21:11,349 - SYNCHER - DEBUG - self.__controller_client_id = sync
2020-11-19 13:21:11,349 - SYNCHER - DEBUG - self.__controller_client_secret = 97b8f169-1fb6-4b99-aa70-7a61d8e264c6
2020-11-19 13:21:11,350 - SYNCHER - DEBUG - self.__event_service_endpoint = http://desktop-ri72foi:9080
2020-11-19 13:21:11,350 - SYNCHER - DEBUG - self.__event_service_account = customer1_c23d8344-35f1-4f88-9081-9903a2f72e41
2020-11-19 13:21:11,350 - SYNCHER - DEBUG - self.__event_service_token = 5eaf772b-b886-490b-b629-edcfea7bf4d5
2020-11-19 13:21:11,379 - SYNCHER - DEBUG - response from token_auth: OK
2020-11-19 13:21:11,379 - SYNCHER - INFO - Token expires in 60 seconds
2020-11-19 13:21:11,380 - SYNCHER - DEBUG - self.__controller_headers = {'Authorization': 'Bearer eyJr...Kssi6IdVgVUOtWOPidwxuxtGNG0Q'}
2020-11-19 13:21:13,409 - SYNCHER - INFO - Read metrics from: 'metrics.txt'
2020-11-19 13:21:13,411 - SYNCHER - DEBUG - Config.sections() = ['Server%20&%20Infrastructure%20Monitoring']
2020-11-19 13:21:13,437 - SYNCHER - DEBUG - GET http://desktop-ri72foi:8090/controller/rest/applications	data = {}	parameter = {'output': 'JSON'}		response:<Response [200]>
2020-11-19 13:21:13,438 - SYNCHER - DEBUG - metrics_to_process = [('Server%20&%20Infrastructure%20Monitoring', 'c_free', '"Application Infrastructure Performance|Root|Individual Nodes|extern-hp-laptop|Hardware Resources|Volumes|C|Free (MB)"'), ('Server%20&%20Infrastructure%20Monitoring', 'c_total', '"Application Infrastructure Performance|Root|Individual Nodes|extern-hp-laptop|Hardware Resources|Volumes|C|Total (MB)"')]
2020-11-19 13:21:13,438 - SYNCHER - DEBUG - len(metrics_to_process) = 2
2020-11-19 13:21:13,504 - SYNCHER - DEBUG - GET http://desktop-ri72foi:8090/controller/rest/applications/Server%20&%20Infrastructure%20Monitoring/metric-data	data = {}	parameter = {'metric-path': 'Application Infrastructure Performance|Root|Individual Nodes|extern-hp-laptop|Hardware Resources|Volumes|C|Total (MB)', 'time-range-type': 'BETWEEN_TIMES', 'start-time': 1605788280000, 'end-time': 1605788340000, 'output': 'json', 'rollup': 'false'}		response:<Response [200]>
2020-11-19 13:21:13,505 - SYNCHER - DEBUG - push to event-service: {'metricname': 'c_total', 'application': 'Server%20&%20Infrastructure%20Monitoring', 'startTimeInMillis': 1605788280000, 'metricpath': 'Application Infrastructure Performance|Root|Individual Nodes|extern-hp-laptop|Hardware Resources|Volumes|C|Total (MB)', 'value': '466760', 'metricpath1': 'Application Infrastructure Performance', 'metricpath2': 'Root', 'metricpath3': 'Individual Nodes', 'metricpath4': 'extern-hp-laptop', 'metricpath5': 'Hardware Resources', 'metricpath6': 'Volumes', 'metricpath7': 'C', 'metricpath8': 'Total (MB)'}
2020-11-19 13:21:13,518 - SYNCHER - DEBUG - GET http://desktop-ri72foi:8090/controller/rest/applications/Server%20&%20Infrastructure%20Monitoring/metric-data	data = {}	parameter = {'metric-path': 'Application Infrastructure Performance|Root|Individual Nodes|extern-hp-laptop|Hardware Resources|Volumes|C|Free (MB)', 'time-range-type': 'BETWEEN_TIMES', 'start-time': 1605788280000, 'end-time': 1605788340000, 'output': 'json', 'rollup': 'false'}		response:<Response [200]>
2020-11-19 13:21:13,520 - SYNCHER - DEBUG - push to event-service: {'metricname': 'c_free', 'application': 'Server%20&%20Infrastructure%20Monitoring', 'startTimeInMillis': 1605788280000, 'metricpath': 'Application Infrastructure Performance|Root|Individual Nodes|extern-hp-laptop|Hardware Resources|Volumes|C|Free (MB)', 'value': '216734', 'metricpath1': 'Application Infrastructure Performance', 'metricpath2': 'Root', 'metricpath3': 'Individual Nodes', 'metricpath4': 'extern-hp-laptop', 'metricpath5': 'Hardware Resources', 'metricpath6': 'Volumes', 'metricpath7': 'C', 'metricpath8': 'Free (MB)'}
2020-11-19 13:21:15,519 - SYNCHER - DEBUG - event-service response:{'statusCode': 500, 'code': 'Unknown', 'message': 'Unknown server error.', 'developerMessage': None, 'logCorrelationId': 'f7cfe543-c214-4b66-a567-0548712c10de'}
2020-11-19 13:21:15,536 - SYNCHER - DEBUG - event-service response:{'statusCode': 500, 'code': 'Unknown', 'message': 'Unknown server error.', 'developerMessage': None, 'logCorrelationId': '4ef66776-57a4-4481-9e69-54dcd5f46b91'}
2020-11-19 13:22:09,337 - SYNCHER - INFO - Use Schema: 'custom_metrics'
2020-11-19 13:22:09,339 - SYNCHER - DEBUG - self.__controller_endpoint = http://desktop-ri72foi:8090
2020-11-19 13:22:09,340 - SYNCHER - DEBUG - self.__controller_account = customer1
2020-11-19 13:22:09,340 - SYNCHER - DEBUG - self.__controller_client_id = sync
2020-11-19 13:22:09,340 - SYNCHER - DEBUG - self.__controller_client_secret = 97b8f169-1fb6-4b99-aa70-7a61d8e264c6
2020-11-19 13:22:09,340 - SYNCHER - DEBUG - self.__event_service_endpoint = http://desktop-ri72foi:9080
2020-11-19 13:22:09,340 - SYNCHER - DEBUG - self.__event_service_account = customer1_c23d8344-35f1-4f88-9081-9903a2f72e41
2020-11-19 13:22:09,340 - SYNCHER - DEBUG - self.__event_service_token = 5eaf772b-b886-490b-b629-edcfea7bf4d5
2020-11-19 13:22:09,375 - SYNCHER - DEBUG - response from token_auth: OK
2020-11-19 13:22:09,376 - SYNCHER - INFO - Token expires in 60 seconds
2020-11-19 13:22:09,376 - SYNCHER - DEBUG - self.__controller_headers = {'Authorization': 'Bearer eyJr...6SuPdQqkLqSGNCTzi5Y9Xb7C71a0'}
2020-11-19 13:22:11,387 - SYNCHER - INFO - Read metrics from: 'metrics.txt'
2020-11-19 13:22:11,388 - SYNCHER - DEBUG - Config.sections() = ['Server%20&%20Infrastructure%20Monitoring']
2020-11-19 13:22:11,430 - SYNCHER - DEBUG - GET http://desktop-ri72foi:8090/controller/rest/applications	data = {}	parameter = {'output': 'JSON'}		response:<Response [200]>
2020-11-19 13:22:11,431 - SYNCHER - DEBUG - metrics_to_process = [('Server%20&%20Infrastructure%20Monitoring', 'c_free', '"Application Infrastructure Performance|Root|Individual Nodes|extern-hp-laptop|Hardware Resources|Volumes|C|Free (MB)"'), ('Server%20&%20Infrastructure%20Monitoring', 'c_total', '"Application Infrastructure Performance|Root|Individual Nodes|extern-hp-laptop|Hardware Resources|Volumes|C|Total (MB)"')]
2020-11-19 13:22:11,431 - SYNCHER - DEBUG - len(metrics_to_process) = 2
2020-11-19 13:22:11,498 - SYNCHER - DEBUG - GET http://desktop-ri72foi:8090/controller/rest/applications/Server%20&%20Infrastructure%20Monitoring/metric-data	data = {}	parameter = {'metric-path': 'Application Infrastructure Performance|Root|Individual Nodes|extern-hp-laptop|Hardware Resources|Volumes|C|Total (MB)', 'time-range-type': 'BETWEEN_TIMES', 'start-time': 1605788340000, 'end-time': 1605788400000, 'output': 'json', 'rollup': 'false'}		response:<Response [200]>
2020-11-19 13:22:11,499 - SYNCHER - DEBUG - GET http://desktop-ri72foi:8090/controller/rest/applications/Server%20&%20Infrastructure%20Monitoring/metric-data	data = {}	parameter = {'metric-path': 'Application Infrastructure Performance|Root|Individual Nodes|extern-hp-laptop|Hardware Resources|Volumes|C|Free (MB)', 'time-range-type': 'BETWEEN_TIMES', 'start-time': 1605788340000, 'end-time': 1605788400000, 'output': 'json', 'rollup': 'false'}		response:<Response [200]>
2020-11-19 13:22:11,499 - SYNCHER - DEBUG - push to event-service: {'metricname': 'c_total', 'application': 'Server%20&%20Infrastructure%20Monitoring', 'startTimeInMillis': 1605788340000, 'metricpath': 'Application Infrastructure Performance|Root|Individual Nodes|extern-hp-laptop|Hardware Resources|Volumes|C|Total (MB)', 'value': '466760', 'metricpath1': 'Application Infrastructure Performance', 'metricpath2': 'Root', 'metricpath3': 'Individual Nodes', 'metricpath4': 'extern-hp-laptop', 'metricpath5': 'Hardware Resources', 'metricpath6': 'Volumes', 'metricpath7': 'C', 'metricpath8': 'Total (MB)'}
2020-11-19 13:22:11,500 - SYNCHER - DEBUG - push to event-service: {'metricname': 'c_free', 'application': 'Server%20&%20Infrastructure%20Monitoring', 'startTimeInMillis': 1605788340000, 'metricpath': 'Application Infrastructure Performance|Root|Individual Nodes|extern-hp-laptop|Hardware Resources|Volumes|C|Free (MB)', 'value': '216744', 'metricpath1': 'Application Infrastructure Performance', 'metricpath2': 'Root', 'metricpath3': 'Individual Nodes', 'metricpath4': 'extern-hp-laptop', 'metricpath5': 'Hardware Resources', 'metricpath6': 'Volumes', 'metricpath7': 'C', 'metricpath8': 'Free (MB)'}
2020-11-19 13:22:13,526 - SYNCHER - DEBUG - event-service response:{'statusCode': 500, 'code': 'Unknown', 'message': 'Unknown server error.', 'developerMessage': None, 'logCorrelationId': '2b32d81f-ea39-4345-b1b8-7bf8fc9cae7c'}
2020-11-19 13:22:13,530 - SYNCHER - DEBUG - event-service response:{'statusCode': 500, 'code': 'Unknown', 'message': 'Unknown server error.', 'developerMessage': None, 'logCorrelationId': 'a29a23a5-03f7-43e7-a2fb-1d12fa7279c4'}
2020-11-19 13:22:27,296 - SYNCHER - INFO - Use Schema: 'custom_metrics'
2020-11-19 13:22:27,297 - SYNCHER - DEBUG - self.__controller_endpoint = http://desktop-ri72foi:8090
2020-11-19 13:22:27,297 - SYNCHER - DEBUG - self.__controller_account = customer1
2020-11-19 13:22:27,297 - SYNCHER - DEBUG - self.__controller_client_id = sync
2020-11-19 13:22:27,297 - SYNCHER - DEBUG - self.__controller_client_secret = 97b8f169-1fb6-4b99-aa70-7a61d8e264c6
2020-11-19 13:22:27,297 - SYNCHER - DEBUG - self.__event_service_endpoint = http://desktop-ri72foi:9080
2020-11-19 13:22:27,298 - SYNCHER - DEBUG - self.__event_service_account = customer1_c23d8344-35f1-4f88-9081-9903a2f72e41
2020-11-19 13:22:27,298 - SYNCHER - DEBUG - self.__event_service_token = 5eaf772b-b886-490b-b629-edcfea7bf4d5
2020-11-19 13:22:27,329 - SYNCHER - DEBUG - response from token_auth: OK
2020-11-19 13:22:27,330 - SYNCHER - INFO - Token expires in 60 seconds
2020-11-19 13:22:27,330 - SYNCHER - DEBUG - self.__controller_headers = {'Authorization': 'Bearer eyJr...kWzkmRokuy-2CoWFcoAxR0R1I-Zo'}
2020-11-19 13:22:29,346 - SYNCHER - INFO - Read metrics from: 'metrics.txt'
2020-11-19 13:22:29,348 - SYNCHER - DEBUG - Config.sections() = ['Server%20&%20Infrastructure%20Monitoring']
2020-11-19 13:22:29,379 - SYNCHER - DEBUG - GET http://desktop-ri72foi:8090/controller/rest/applications	data = {}	parameter = {'output': 'JSON'}		response:<Response [200]>
2020-11-19 13:22:29,380 - SYNCHER - DEBUG - metrics_to_process = [('Server%20&%20Infrastructure%20Monitoring', 'c_free', '"Application Infrastructure Performance|Root|Individual Nodes|extern-hp-laptop|Hardware Resources|Volumes|C|Free (MB)"'), ('Server%20&%20Infrastructure%20Monitoring', 'c_total', '"Application Infrastructure Performance|Root|Individual Nodes|extern-hp-laptop|Hardware Resources|Volumes|C|Total (MB)"')]
2020-11-19 13:22:29,381 - SYNCHER - DEBUG - len(metrics_to_process) = 2
2020-11-19 13:22:29,435 - SYNCHER - DEBUG - GET http://desktop-ri72foi:8090/controller/rest/applications/Server%20&%20Infrastructure%20Monitoring/metric-data	data = {}	parameter = {'metric-path': 'Application Infrastructure Performance|Root|Individual Nodes|extern-hp-laptop|Hardware Resources|Volumes|C|Free (MB)', 'time-range-type': 'BETWEEN_TIMES', 'start-time': 1605788340000, 'end-time': 1605788400000, 'output': 'json', 'rollup': 'false'}		response:<Response [200]>
2020-11-19 13:22:29,435 - SYNCHER - DEBUG - push to event-service: {'metricname': 'c_free', 'application': 'Server%20&%20Infrastructure%20Monitoring', 'startTimeInMillis': 1605788340000, 'metricpath': 'Application Infrastructure Performance|Root|Individual Nodes|extern-hp-laptop|Hardware Resources|Volumes|C|Free (MB)', 'value': '216744', 'metricpath1': 'Application Infrastructure Performance', 'metricpath2': 'Root', 'metricpath3': 'Individual Nodes', 'metricpath4': 'extern-hp-laptop', 'metricpath5': 'Hardware Resources', 'metricpath6': 'Volumes', 'metricpath7': 'C', 'metricpath8': 'Free (MB)'}
2020-11-19 13:22:29,445 - SYNCHER - DEBUG - GET http://desktop-ri72foi:8090/controller/rest/applications/Server%20&%20Infrastructure%20Monitoring/metric-data	data = {}	parameter = {'metric-path': 'Application Infrastructure Performance|Root|Individual Nodes|extern-hp-laptop|Hardware Resources|Volumes|C|Total (MB)', 'time-range-type': 'BETWEEN_TIMES', 'start-time': 1605788340000, 'end-time': 1605788400000, 'output': 'json', 'rollup': 'false'}		response:<Response [200]>
2020-11-19 13:22:29,446 - SYNCHER - DEBUG - push to event-service: {'metricname': 'c_total', 'application': 'Server%20&%20Infrastructure%20Monitoring', 'startTimeInMillis': 1605788340000, 'metricpath': 'Application Infrastructure Performance|Root|Individual Nodes|extern-hp-laptop|Hardware Resources|Volumes|C|Total (MB)', 'value': '466760', 'metricpath1': 'Application Infrastructure Performance', 'metricpath2': 'Root', 'metricpath3': 'Individual Nodes', 'metricpath4': 'extern-hp-laptop', 'metricpath5': 'Hardware Resources', 'metricpath6': 'Volumes', 'metricpath7': 'C', 'metricpath8': 'Total (MB)'}
2020-11-19 13:22:31,452 - SYNCHER - DEBUG - event-service response:{'statusCode': 500, 'code': 'Unknown', 'message': 'Unknown server error.', 'developerMessage': None, 'logCorrelationId': 'c79b1e06-9c35-44a4-9e05-b6f538ee3993'}
2020-11-19 13:22:31,458 - SYNCHER - DEBUG - event-service response:{'statusCode': 500, 'code': 'Unknown', 'message': 'Unknown server error.', 'developerMessage': None, 'logCorrelationId': 'cdc71167-6d56-49a7-9181-84e5191943da'}
2020-11-19 13:22:34,525 - SYNCHER - INFO - Use Schema: 'custom_metrics'
2020-11-19 13:22:34,526 - SYNCHER - DEBUG - self.__controller_endpoint = http://desktop-ri72foi:8090
2020-11-19 13:22:34,526 - SYNCHER - DEBUG - self.__controller_account = customer1
2020-11-19 13:22:34,527 - SYNCHER - DEBUG - self.__controller_client_id = sync
2020-11-19 13:22:34,527 - SYNCHER - DEBUG - self.__controller_client_secret = 97b8f169-1fb6-4b99-aa70-7a61d8e264c6
2020-11-19 13:22:34,527 - SYNCHER - DEBUG - self.__event_service_endpoint = http://desktop-ri72foi:9080
2020-11-19 13:22:34,527 - SYNCHER - DEBUG - self.__event_service_account = customer1_c23d8344-35f1-4f88-9081-9903a2f72e41
2020-11-19 13:22:34,527 - SYNCHER - DEBUG - self.__event_service_token = 5eaf772b-b886-490b-b629-edcfea7bf4d5
2020-11-19 13:22:34,562 - SYNCHER - DEBUG - response from token_auth: OK
2020-11-19 13:22:34,563 - SYNCHER - INFO - Token expires in 60 seconds
2020-11-19 13:22:34,563 - SYNCHER - DEBUG - self.__controller_headers = {'Authorization': 'Bearer eyJr...Mz7ej8ZrdmhkKARQqgzffuN2UVss'}
2020-11-19 13:22:36,577 - SYNCHER - INFO - Read metrics from: 'metrics.txt'
2020-11-19 13:22:36,578 - SYNCHER - DEBUG - Config.sections() = ['Server%20&%20Infrastructure%20Monitoring']
2020-11-19 13:22:36,608 - SYNCHER - DEBUG - GET http://desktop-ri72foi:8090/controller/rest/applications	data = {}	parameter = {'output': 'JSON'}		response:<Response [200]>
2020-11-19 13:22:36,608 - SYNCHER - DEBUG - metrics_to_process = [('Server%20&%20Infrastructure%20Monitoring', 'c_free', '"Application Infrastructure Performance|Root|Individual Nodes|extern-hp-laptop|Hardware Resources|Volumes|C|Free (MB)"'), ('Server%20&%20Infrastructure%20Monitoring', 'c_total', '"Application Infrastructure Performance|Root|Individual Nodes|extern-hp-laptop|Hardware Resources|Volumes|C|Total (MB)"')]
2020-11-19 13:22:36,609 - SYNCHER - DEBUG - len(metrics_to_process) = 2
2020-11-19 13:22:36,660 - SYNCHER - DEBUG - GET http://desktop-ri72foi:8090/controller/rest/applications/Server%20&%20Infrastructure%20Monitoring/metric-data	data = {}	parameter = {'metric-path': 'Application Infrastructure Performance|Root|Individual Nodes|extern-hp-laptop|Hardware Resources|Volumes|C|Free (MB)', 'time-range-type': 'BETWEEN_TIMES', 'start-time': 1605788340000, 'end-time': 1605788400000, 'output': 'json', 'rollup': 'false'}		response:<Response [200]>
2020-11-19 13:22:36,661 - SYNCHER - DEBUG - GET http://desktop-ri72foi:8090/controller/rest/applications/Server%20&%20Infrastructure%20Monitoring/metric-data	data = {}	parameter = {'metric-path': 'Application Infrastructure Performance|Root|Individual Nodes|extern-hp-laptop|Hardware Resources|Volumes|C|Total (MB)', 'time-range-type': 'BETWEEN_TIMES', 'start-time': 1605788340000, 'end-time': 1605788400000, 'output': 'json', 'rollup': 'false'}		response:<Response [200]>
2020-11-19 13:22:36,661 - SYNCHER - DEBUG - push to event-service: {'metricname': 'c_free', 'application': 'Server%20&%20Infrastructure%20Monitoring', 'startTimeInMillis': 1605788340000, 'metricpath': 'Application Infrastructure Performance|Root|Individual Nodes|extern-hp-laptop|Hardware Resources|Volumes|C|Free (MB)', 'value': '216744', 'metricpath1': 'Application Infrastructure Performance', 'metricpath2': 'Root', 'metricpath3': 'Individual Nodes', 'metricpath4': 'extern-hp-laptop', 'metricpath5': 'Hardware Resources', 'metricpath6': 'Volumes', 'metricpath7': 'C', 'metricpath8': 'Free (MB)'}
2020-11-19 13:22:36,662 - SYNCHER - DEBUG - push to event-service: {'metricname': 'c_total', 'application': 'Server%20&%20Infrastructure%20Monitoring', 'startTimeInMillis': 1605788340000, 'metricpath': 'Application Infrastructure Performance|Root|Individual Nodes|extern-hp-laptop|Hardware Resources|Volumes|C|Total (MB)', 'value': '466760', 'metricpath1': 'Application Infrastructure Performance', 'metricpath2': 'Root', 'metricpath3': 'Individual Nodes', 'metricpath4': 'extern-hp-laptop', 'metricpath5': 'Hardware Resources', 'metricpath6': 'Volumes', 'metricpath7': 'C', 'metricpath8': 'Total (MB)'}
2020-11-19 13:22:38,679 - SYNCHER - DEBUG - event-service response:{'statusCode': 500, 'code': 'Unknown', 'message': 'Unknown server error.', 'developerMessage': None, 'logCorrelationId': '6c44fb30-d955-4470-9bc5-3ca268bdd1d0'}
2020-11-19 13:22:38,685 - SYNCHER - DEBUG - event-service response:{'statusCode': 500, 'code': 'Unknown', 'message': 'Unknown server error.', 'developerMessage': None, 'logCorrelationId': 'f69ebcca-6ca6-47be-9900-783eeca64b6d'}
2020-11-19 13:23:05,335 - SYNCHER - INFO - Use Schema: 'custom_metrics'
2020-11-19 13:23:05,337 - SYNCHER - DEBUG - self.__controller_endpoint = http://desktop-ri72foi:8090
2020-11-19 13:23:05,337 - SYNCHER - DEBUG - self.__controller_account = customer1
2020-11-19 13:23:05,337 - SYNCHER - DEBUG - self.__controller_client_id = sync
2020-11-19 13:23:05,337 - SYNCHER - DEBUG - self.__controller_client_secret = 97b8f169-1fb6-4b99-aa70-7a61d8e264c6
2020-11-19 13:23:05,337 - SYNCHER - DEBUG - self.__event_service_endpoint = http://desktop-ri72foi:9080
2020-11-19 13:23:05,337 - SYNCHER - DEBUG - self.__event_service_account = customer1_c23d8344-35f1-4f88-9081-9903a2f72e41
2020-11-19 13:23:05,337 - SYNCHER - DEBUG - self.__event_service_token = 5eaf772b-b886-490b-b629-edcfea7bf4d5
2020-11-19 13:23:05,369 - SYNCHER - DEBUG - response from token_auth: OK
2020-11-19 13:23:05,369 - SYNCHER - INFO - Token expires in 60 seconds
2020-11-19 13:23:05,370 - SYNCHER - DEBUG - self.__controller_headers = {'Authorization': 'Bearer eyJr...2-IdF055-Zjzs9-V3b9BORFf1RrU'}
2020-11-19 13:23:07,384 - SYNCHER - INFO - Read metrics from: 'metrics.txt'
2020-11-19 13:23:07,385 - SYNCHER - DEBUG - Config.sections() = ['Server%20&%20Infrastructure%20Monitoring']
2020-11-19 13:23:07,412 - SYNCHER - DEBUG - GET http://desktop-ri72foi:8090/controller/rest/applications	data = {}	parameter = {'output': 'JSON'}		response:<Response [200]>
2020-11-19 13:23:07,413 - SYNCHER - DEBUG - metrics_to_process = [('Server%20&%20Infrastructure%20Monitoring', 'c_free', '"Application Infrastructure Performance|Root|Individual Nodes|extern-hp-laptop|Hardware Resources|Volumes|C|Free (MB)"'), ('Server%20&%20Infrastructure%20Monitoring', 'c_total', '"Application Infrastructure Performance|Root|Individual Nodes|extern-hp-laptop|Hardware Resources|Volumes|C|Total (MB)"')]
2020-11-19 13:23:07,414 - SYNCHER - DEBUG - len(metrics_to_process) = 2
2020-11-19 13:23:07,502 - SYNCHER - DEBUG - GET http://desktop-ri72foi:8090/controller/rest/applications/Server%20&%20Infrastructure%20Monitoring/metric-data	data = {}	parameter = {'metric-path': 'Application Infrastructure Performance|Root|Individual Nodes|extern-hp-laptop|Hardware Resources|Volumes|C|Free (MB)', 'time-range-type': 'BETWEEN_TIMES', 'start-time': 1605787560000, 'end-time': 1605787620000, 'output': 'json', 'rollup': 'false'}		response:<Response [200]>
2020-11-19 13:23:07,502 - SYNCHER - DEBUG - GET http://desktop-ri72foi:8090/controller/rest/applications/Server%20&%20Infrastructure%20Monitoring/metric-data	data = {}	parameter = {'metric-path': 'Application Infrastructure Performance|Root|Individual Nodes|extern-hp-laptop|Hardware Resources|Volumes|C|Total (MB)', 'time-range-type': 'BETWEEN_TIMES', 'start-time': 1605787560000, 'end-time': 1605787620000, 'output': 'json', 'rollup': 'false'}		response:<Response [200]>
2020-11-19 13:23:07,503 - SYNCHER - DEBUG - push to event-service: {'metricname': 'c_free', 'application': 'Server%20&%20Infrastructure%20Monitoring', 'startTimeInMillis': 1605787560000, 'metricpath': 'Application Infrastructure Performance|Root|Individual Nodes|extern-hp-laptop|Hardware Resources|Volumes|C|Free (MB)', 'value': '216756', 'metricpath1': 'Application Infrastructure Performance', 'metricpath2': 'Root', 'metricpath3': 'Individual Nodes', 'metricpath4': 'extern-hp-laptop', 'metricpath5': 'Hardware Resources', 'metricpath6': 'Volumes', 'metricpath7': 'C', 'metricpath8': 'Free (MB)'}
2020-11-19 13:23:07,503 - SYNCHER - DEBUG - push to event-service: {'metricname': 'c_total', 'application': 'Server%20&%20Infrastructure%20Monitoring', 'startTimeInMillis': 1605787560000, 'metricpath': 'Application Infrastructure Performance|Root|Individual Nodes|extern-hp-laptop|Hardware Resources|Volumes|C|Total (MB)', 'value': '466760', 'metricpath1': 'Application Infrastructure Performance', 'metricpath2': 'Root', 'metricpath3': 'Individual Nodes', 'metricpath4': 'extern-hp-laptop', 'metricpath5': 'Hardware Resources', 'metricpath6': 'Volumes', 'metricpath7': 'C', 'metricpath8': 'Total (MB)'}
2020-11-19 13:23:09,523 - SYNCHER - DEBUG - event-service response:{'statusCode': 500, 'code': 'Unknown', 'message': 'Unknown server error.', 'developerMessage': None, 'logCorrelationId': '61f6d896-5b5b-4c8b-9e50-7610dffb18ac'}
2020-11-19 13:23:09,523 - SYNCHER - DEBUG - event-service response:{'statusCode': 500, 'code': 'Unknown', 'message': 'Unknown server error.', 'developerMessage': None, 'logCorrelationId': '6b9c909f-be35-438d-ba8a-a9b2e9fa70ba'}
2020-11-20 09:31:22,819 - SYNCHER - INFO - schema_name = custom_metrics
2020-11-20 09:31:22,820 - SYNCHER - INFO - metricFileName = metrics.txt
2020-11-20 09:31:32,660 - SYNCHER - INFO - schema_name = custom_metrics
2020-11-20 09:31:32,660 - SYNCHER - INFO - metricFileName = metrics.txt
2020-11-20 09:31:32,660 - SYNCHER - INFO - startTime = -1
2020-11-20 09:31:32,660 - SYNCHER - INFO - endTime = -1
2020-11-20 09:31:32,660 - SYNCHER - INFO - schedule_time = 60
2020-11-20 09:31:32,660 - SYNCHER - INFO - minutes_delay = 3
2020-11-20 09:31:32,661 - SYNCHER - INFO - Use Schema: 'custom_metrics'
2020-11-20 09:31:32,741 - SYNCHER - INFO - Token expires in 60 seconds
2020-11-20 09:31:34,781 - SYNCHER - INFO - Read metrics from: 'metrics.txt'
2020-11-20 09:32:22,763 - SYNCHER - INFO - Token expires in 60 seconds
2020-11-20 09:33:12,781 - SYNCHER - INFO - Token expires in 60 seconds
2020-11-20 09:34:02,802 - SYNCHER - INFO - Token expires in 60 seconds
2020-11-20 09:34:52,821 - SYNCHER - INFO - Token expires in 60 seconds
2020-11-20 09:35:42,835 - SYNCHER - INFO - Token expires in 60 seconds
2020-11-20 09:36:32,854 - SYNCHER - INFO - Token expires in 60 seconds
2020-11-20 09:37:22,869 - SYNCHER - INFO - Token expires in 60 seconds
2020-11-20 09:38:12,892 - SYNCHER - INFO - Token expires in 60 seconds
2020-11-20 09:39:02,909 - SYNCHER - INFO - Token expires in 60 seconds
2020-11-20 09:39:54,405 - SYNCHER - INFO - Token expires in 60 seconds
2020-11-20 09:40:44,420 - SYNCHER - INFO - Token expires in 60 seconds
2020-11-20 09:41:34,443 - SYNCHER - INFO - Token expires in 60 seconds
2020-11-20 09:42:24,458 - SYNCHER - INFO - Token expires in 60 seconds
2020-11-20 09:43:14,478 - SYNCHER - INFO - Token expires in 60 seconds
2020-11-20 09:44:04,493 - SYNCHER - INFO - Token expires in 60 seconds
2020-11-20 09:44:54,514 - SYNCHER - INFO - Token expires in 60 seconds
2020-11-20 09:45:44,533 - SYNCHER - INFO - Token expires in 60 seconds
2020-11-20 09:46:34,551 - SYNCHER - INFO - Token expires in 60 seconds
2020-11-20 09:47:24,571 - SYNCHER - INFO - Token expires in 60 seconds
2020-11-20 09:48:14,589 - SYNCHER - INFO - Token expires in 60 seconds
2020-11-20 09:49:04,604 - SYNCHER - INFO - Token expires in 60 seconds
2020-11-20 09:49:54,621 - SYNCHER - INFO - Token expires in 60 seconds
2020-11-20 09:50:44,634 - SYNCHER - INFO - Token expires in 60 seconds
2020-11-20 09:51:34,657 - SYNCHER - INFO - Token expires in 60 seconds
2020-11-20 09:52:24,672 - SYNCHER - INFO - Token expires in 60 seconds
2020-11-20 09:53:14,688 - SYNCHER - INFO - Token expires in 60 seconds
2020-11-20 09:54:04,709 - SYNCHER - INFO - Token expires in 60 seconds
2020-11-20 09:54:54,725 - SYNCHER - INFO - Token expires in 60 seconds
2020-11-20 09:55:44,742 - SYNCHER - INFO - Token expires in 60 seconds
2020-11-20 09:56:34,758 - SYNCHER - INFO - Token expires in 60 seconds
2020-11-20 09:57:24,773 - SYNCHER - INFO - Token expires in 60 seconds
2020-11-20 09:58:14,794 - SYNCHER - INFO - Token expires in 60 seconds
2020-11-20 09:59:04,808 - SYNCHER - INFO - Token expires in 60 seconds
2020-11-20 09:59:54,828 - SYNCHER - INFO - Token expires in 60 seconds
2020-11-20 10:00:44,842 - SYNCHER - INFO - Token expires in 60 seconds
